android/app/build/intermediates/manifest_merge_blame_file/debug/manifest-merger-blame-debug-report.txt
1<?xml version="1.0" encoding="utf-8"?>
2<manifest xmlns:android="http://schemas.android.com/apk/res/android"
3    package="com.shivaluma.course"
4    android:versionCode="1"
5    android:versionName="1.0.0" >
6
7    <uses-sdk
8        android:minSdkVersion="21"
9        android:targetSdkVersion="29" />
10
11    <uses-permission android:name="android.permission.SYSTEM_ALERT_WINDOW" />
11-->src/main/AndroidManifest.xml:3:3-75
11-->src/main/AndroidManifest.xml:3:20-73
12    <uses-permission android:name="android.permission.INTERNET" />
12-->src/main/AndroidManifest.xml:2:3-64
12-->src/main/AndroidManifest.xml:2:20-62
13    <uses-permission android:name="android.permission.READ_PHONE_STATE" />
13-->src/main/AndroidManifest.xml:4:3-72
13-->src/main/AndroidManifest.xml:4:20-70
14    <uses-permission android:name="android.permission.USE_FINGERPRINT" />
14-->src/main/AndroidManifest.xml:5:3-71
14-->src/main/AndroidManifest.xml:5:20-69
15    <uses-permission android:name="android.permission.USE_BIOMETRIC" />
15-->src/main/AndroidManifest.xml:6:3-69
15-->src/main/AndroidManifest.xml:6:20-67
16    <uses-permission android:name="android.permission.VIBRATE" />
16-->src/main/AndroidManifest.xml:7:3-63
16-->src/main/AndroidManifest.xml:7:20-61
17    <uses-permission android:name="android.permission.MODIFY_AUDIO_SETTINGS" />
17-->src/main/AndroidManifest.xml:8:3-77
17-->src/main/AndroidManifest.xml:8:20-75
18    <uses-permission android:name="android.permission.ACCESS_COARSE_LOCATION" />
18-->src/main/AndroidManifest.xml:9:3-78
18-->src/main/AndroidManifest.xml:9:20-76
19    <uses-permission android:name="android.permission.ACCESS_FINE_LOCATION" />
19-->src/main/AndroidManifest.xml:10:3-76
19-->src/main/AndroidManifest.xml:10:20-74
20    <uses-permission android:name="android.permission.ACCESS_BACKGROUND_LOCATION" />
20-->src/main/AndroidManifest.xml:11:3-82
20-->src/main/AndroidManifest.xml:11:20-80
21    <uses-permission android:name="android.permission.CAMERA" />
21-->src/main/AndroidManifest.xml:12:3-62
21-->src/main/AndroidManifest.xml:12:20-60
22    <uses-permission android:name="android.permission.RECORD_AUDIO" />
22-->src/main/AndroidManifest.xml:13:3-68
22-->src/main/AndroidManifest.xml:13:20-66
23    <uses-permission android:name="android.permission.READ_CONTACTS" />
23-->src/main/AndroidManifest.xml:14:3-69
23-->src/main/AndroidManifest.xml:14:20-67
24    <uses-permission android:name="android.permission.WRITE_CONTACTS" />
24-->src/main/AndroidManifest.xml:15:3-70
24-->src/main/AndroidManifest.xml:15:20-68
25    <uses-permission android:name="android.permission.READ_CALENDAR" />
25-->src/main/AndroidManifest.xml:16:3-69
25-->src/main/AndroidManifest.xml:16:20-67
26    <uses-permission android:name="android.permission.WRITE_CALENDAR" />
26-->src/main/AndroidManifest.xml:17:3-70
26-->src/main/AndroidManifest.xml:17:20-68
27    <uses-permission android:name="android.permission.READ_EXTERNAL_STORAGE" />
27-->src/main/AndroidManifest.xml:18:3-77
27-->src/main/AndroidManifest.xml:18:20-75
28    <uses-permission android:name="android.permission.WRITE_EXTERNAL_STORAGE" />
28-->src/main/AndroidManifest.xml:19:3-78
28-->src/main/AndroidManifest.xml:19:20-76
29    <uses-permission android:name="android.permission.WRITE_SETTINGS" />
29-->src/main/AndroidManifest.xml:20:3-70
29-->src/main/AndroidManifest.xml:20:20-68
30    <uses-permission android:name="android.permission.ACCESS_NETWORK_STATE" />
30-->src/main/AndroidManifest.xml:21:3-76
30-->src/main/AndroidManifest.xml:21:20-74
31    <uses-permission android:name="android.permission.WAKE_LOCK" />
31-->src/main/AndroidManifest.xml:22:3-65
31-->src/main/AndroidManifest.xml:22:20-63
32    <uses-permission android:name="com.google.android.c2dm.permission.RECEIVE" />
32-->src/main/AndroidManifest.xml:23:3-79
32-->src/main/AndroidManifest.xml:23:20-77
33    <uses-permission android:name="android.permission.ACCESS_WIFI_STATE" />
33-->[com.facebook.flipper:flipper:0.54.0] AndroidManifest.xml:16:5-76
33-->[com.facebook.flipper:flipper:0.54.0] AndroidManifest.xml:16:22-73
34    <uses-permission android:name="android.permission.FOREGROUND_SERVICE" />
34-->[:expo-location] AndroidManifest.xml:14:5-77
34-->[:expo-location] AndroidManifest.xml:14:22-74
35    <uses-permission android:name="com.google.android.providers.gsf.permission.READ_GSERVICES" />
35-->[io.nlopez.smartlocation:library:3.2.11] AndroidManifest.xml:15:5-98
35-->[io.nlopez.smartlocation:library:3.2.11] AndroidManifest.xml:15:22-95
36    <uses-permission android:name="com.google.android.gms.permission.ACTIVITY_RECOGNITION" />
36-->[io.nlopez.smartlocation:library:3.2.11] AndroidManifest.xml:16:5-94
36-->[io.nlopez.smartlocation:library:3.2.11] AndroidManifest.xml:16:22-91
37
38    <application
38-->src/main/AndroidManifest.xml:24:3-58:17
39        android:name="com.shivaluma.course.MainApplication"
39-->src/main/AndroidManifest.xml:25:5-36
40        android:allowBackup="true"
40-->src/main/AndroidManifest.xml:29:5-31
41        android:appComponentFactory="androidx.core.app.CoreComponentFactory"
41-->[androidx.core:core:1.1.0] AndroidManifest.xml:24:18-86
42        android:debuggable="true"
43        android:icon="@mipmap/ic_launcher"
43-->src/main/AndroidManifest.xml:27:5-39
44        android:label="@string/app_name"
44-->src/main/AndroidManifest.xml:26:5-37
45        android:roundIcon="@mipmap/ic_launcher_round"
45-->src/main/AndroidManifest.xml:28:5-50
46        android:theme="@style/AppTheme"
46-->src/main/AndroidManifest.xml:30:5-36
47        android:usesCleartextTraffic="true" >
47-->src/debug/AndroidManifest.xml:6:18-53
48        <meta-data
48-->src/main/AndroidManifest.xml:32:5-93
49            android:name="expo.modules.updates.EXPO_SDK_VERSION"
49-->src/main/AndroidManifest.xml:32:16-68
50            android:value="39.0.0" />
50-->src/main/AndroidManifest.xml:32:69-91
51        <meta-data
51-->src/main/AndroidManifest.xml:33:5-82
52            android:name="expo.modules.updates.ENABLED"
52-->src/main/AndroidManifest.xml:33:16-59
53            android:value="true" />
53-->src/main/AndroidManifest.xml:33:60-80
54        <meta-data
54-->src/main/AndroidManifest.xml:34:5-105
55            android:name="expo.modules.updates.EXPO_UPDATES_CHECK_ON_LAUNCH"
55-->src/main/AndroidManifest.xml:34:16-80
56            android:value="ALWAYS" />
56-->src/main/AndroidManifest.xml:34:81-103
57        <meta-data
57-->src/main/AndroidManifest.xml:35:5-99
58            android:name="expo.modules.updates.EXPO_UPDATES_LAUNCH_WAIT_MS"
58-->src/main/AndroidManifest.xml:35:16-79
59            android:value="0" />
59-->src/main/AndroidManifest.xml:35:80-97
60
61        <activity
61-->src/main/AndroidManifest.xml:36:5-56:16
62            android:name="com.shivaluma.course.MainActivity"
62-->src/main/AndroidManifest.xml:37:7-35
63            android:configChanges="keyboard|keyboardHidden|orientation|screenSize|uiMode"
63-->src/main/AndroidManifest.xml:39:7-84
64            android:label="@string/app_name"
64-->src/main/AndroidManifest.xml:38:7-39
65            android:launchMode="singleTask"
65-->src/main/AndroidManifest.xml:40:7-38
66            android:screenOrientation="portrait"
66-->src/main/AndroidManifest.xml:43:7-43
67            android:theme="@style/Theme.App.SplashScreen"
67-->src/main/AndroidManifest.xml:42:7-52
68            android:windowSoftInputMode="adjustResize" >
68-->src/main/AndroidManifest.xml:41:7-49
69            <intent-filter>
69-->src/main/AndroidManifest.xml:45:7-48:23
70                <action android:name="android.intent.action.MAIN" />
70-->src/main/AndroidManifest.xml:46:9-60
70-->src/main/AndroidManifest.xml:46:17-58
71
72                <category android:name="android.intent.category.LAUNCHER" />
72-->src/main/AndroidManifest.xml:47:9-68
72-->src/main/AndroidManifest.xml:47:19-66
73            </intent-filter>
74            <intent-filter>
74-->src/main/AndroidManifest.xml:49:7-55:23
75                <action android:name="android.intent.action.VIEW" />
75-->src/main/AndroidManifest.xml:50:9-60
75-->src/main/AndroidManifest.xml:50:17-58
76
77                <category android:name="android.intent.category.DEFAULT" />
77-->src/main/AndroidManifest.xml:51:9-67
77-->src/main/AndroidManifest.xml:51:19-65
78                <category android:name="android.intent.category.BROWSABLE" />
78-->src/main/AndroidManifest.xml:52:9-69
78-->src/main/AndroidManifest.xml:52:19-67
79
80                <data android:scheme="myapp" />
80-->src/main/AndroidManifest.xml:53:9-39
80-->src/main/AndroidManifest.xml:53:15-37
81                <data android:scheme="com.shivaluma.course" />
81-->src/main/AndroidManifest.xml:53:9-39
81-->src/main/AndroidManifest.xml:53:15-37
82            </intent-filter>
83        </activity>
84        <activity android:name="com.facebook.react.devsupport.DevSettingsActivity" />
84-->src/main/AndroidManifest.xml:57:5-81
84-->src/main/AndroidManifest.xml:57:15-79
85
86        <meta-data
86-->[:unimodules-react-native-adapter] AndroidManifest.xml:12:9-14:91
87            android:name="org.unimodules.core.AppLoader#react-native-headless"
87-->[:unimodules-react-native-adapter] AndroidManifest.xml:13:13-79
88            android:value="org.unimodules.adapters.react.apploader.RNHeadlessAppLoader" />
88-->[:unimodules-react-native-adapter] AndroidManifest.xml:14:13-88
89
90        <provider
90-->[:expo-file-system] AndroidManifest.xml:17:9-26:20
91            android:name="expo.modules.filesystem.FileSystemFileProvider"
91-->[:expo-file-system] AndroidManifest.xml:18:13-74
92            android:authorities="com.shivaluma.course.FileSystemFileProvider"
92-->[:expo-file-system] AndroidManifest.xml:19:13-74
93            android:exported="false"
93-->[:expo-file-system] AndroidManifest.xml:20:13-37
94            android:grantUriPermissions="true" >
94-->[:expo-file-system] AndroidManifest.xml:21:13-47
95            <meta-data
95-->[:expo-file-system] AndroidManifest.xml:23:13-25:70
96                android:name="android.support.FILE_PROVIDER_PATHS"
96-->[:expo-file-system] AndroidManifest.xml:24:17-67
97                android:resource="@xml/file_system_provider_paths" />
97-->[:expo-file-system] AndroidManifest.xml:25:17-67
98        </provider>
99
100        <service
100-->[:expo-location] AndroidManifest.xml:17:9-19:40
101            android:name="expo.modules.location.services.LocationTaskService"
101-->[:expo-location] AndroidManifest.xml:18:13-78
102            android:exported="false" />
102-->[:expo-location] AndroidManifest.xml:19:13-37
103
104        <activity
104-->[com.google.android.gms:play-services-base:16.0.1] AndroidManifest.xml:23:9-26:75
105            android:name="com.google.android.gms.common.api.GoogleApiActivity"
105-->[com.google.android.gms:play-services-base:16.0.1] AndroidManifest.xml:24:13-79
106            android:exported="false"
106-->[com.google.android.gms:play-services-base:16.0.1] AndroidManifest.xml:25:13-37
107            android:theme="@android:style/Theme.Translucent.NoTitleBar" />
107-->[com.google.android.gms:play-services-base:16.0.1] AndroidManifest.xml:26:13-72
108
109        <meta-data
109-->[com.google.android.gms:play-services-basement:16.0.1] AndroidManifest.xml:23:9-25:69
110            android:name="com.google.android.gms.version"
110-->[com.google.android.gms:play-services-basement:16.0.1] AndroidManifest.xml:24:13-58
111            android:value="@integer/google_play_services_version" />
111-->[com.google.android.gms:play-services-basement:16.0.1] AndroidManifest.xml:25:13-66
112
113        <service
113-->[androidx.room:room-runtime:2.1.0] AndroidManifest.xml:25:9-27:40
114            android:name="androidx.room.MultiInstanceInvalidationService"
114-->[androidx.room:room-runtime:2.1.0] AndroidManifest.xml:26:13-74
115            android:exported="false" />
115-->[androidx.room:room-runtime:2.1.0] AndroidManifest.xml:27:13-37
116        <service
116-->[io.nlopez.smartlocation:library:3.2.11] AndroidManifest.xml:19:9-21:40
117            android:name="io.nlopez.smartlocation.activity.providers.ActivityGooglePlayServicesProvider$ActivityRecognitionService"
117-->[io.nlopez.smartlocation:library:3.2.11] AndroidManifest.xml:20:13-132
118            android:exported="false" />
118-->[io.nlopez.smartlocation:library:3.2.11] AndroidManifest.xml:21:13-37
119        <service
119-->[io.nlopez.smartlocation:library:3.2.11] AndroidManifest.xml:22:9-24:40
120            android:name="io.nlopez.smartlocation.geofencing.providers.GeofencingGooglePlayServicesProvider$GeofencingService"
120-->[io.nlopez.smartlocation:library:3.2.11] AndroidManifest.xml:23:13-127
121            android:exported="false" />
121-->[io.nlopez.smartlocation:library:3.2.11] AndroidManifest.xml:24:13-37
122        <service
122-->[io.nlopez.smartlocation:library:3.2.11] AndroidManifest.xml:25:9-27:40
123            android:name="io.nlopez.smartlocation.geocoding.providers.AndroidGeocodingProvider$AndroidGeocodingService"
123-->[io.nlopez.smartlocation:library:3.2.11] AndroidManifest.xml:26:13-120
124            android:exported="false" />
124-->[io.nlopez.smartlocation:library:3.2.11] AndroidManifest.xml:27:13-37
125    </application>
126
127</manifest>